TN:
SF:/Users/plo/Blockchain.nosync/LBRY/App/plugins/videojs-google-chromecast/src/js/component/control-bar/chromecast-button.js
FN:13,(anonymous_0)
FN:24,(anonymous_1)
FN:30,(anonymous_2)
FN:37,(anonymous_3)
FN:41,(anonymous_4)
FN:69,(anonymous_5)
FN:97,(anonymous_6)
FN:106,(anonymous_7)
FN:114,(anonymous_8)
FN:124,(anonymous_9)
FN:133,(anonymous_10)
FN:232,(anonymous_11)
FN:247,(anonymous_12)
FN:256,(anonymous_13)
FN:260,(anonymous_14)
FN:267,(anonymous_15)
FN:276,(anonymous_16)
FNF:17
FNH:4
FNDA:1,(anonymous_0)
FNDA:0,(anonymous_1)
FNDA:1,(anonymous_2)
FNDA:1,(anonymous_3)
FNDA:1,(anonymous_4)
FNDA:0,(anonymous_5)
FNDA:0,(anonymous_6)
FNDA:0,(anonymous_7)
FNDA:0,(anonymous_8)
FNDA:0,(anonymous_9)
FNDA:0,(anonymous_10)
FNDA:0,(anonymous_11)
FNDA:0,(anonymous_12)
FNDA:0,(anonymous_13)
FNDA:0,(anonymous_14)
FNDA:0,(anonymous_15)
FNDA:0,(anonymous_16)
DA:4,1
DA:5,1
DA:6,1
DA:7,1
DA:8,1
DA:10,1
DA:14,1
DA:15,1
DA:16,1
DA:17,1
DA:18,1
DA:19,1
DA:21,1
DA:22,1
DA:24,1
DA:25,0
DA:26,0
DA:30,1
DA:31,1
DA:32,0
DA:38,1
DA:46,1
DA:47,1
DA:49,1
DA:50,1
DA:52,0
DA:53,0
DA:54,0
DA:55,0
DA:56,0
DA:58,0
DA:59,0
DA:62,0
DA:63,0
DA:64,0
DA:65,0
DA:66,0
DA:71,0
DA:76,0
DA:86,0
DA:87,0
DA:89,0
DA:91,0
DA:92,0
DA:94,0
DA:98,0
DA:99,0
DA:101,0
DA:103,0
DA:107,0
DA:108,0
DA:109,0
DA:111,0
DA:115,0
DA:116,0
DA:117,0
DA:119,0
DA:120,0
DA:125,0
DA:126,0
DA:127,0
DA:129,0
DA:141,0
DA:142,0
DA:143,0
DA:145,0
DA:147,0
DA:148,0
DA:150,0
DA:151,0
DA:152,0
DA:153,0
DA:154,0
DA:156,0
DA:157,0
DA:158,0
DA:159,0
DA:160,0
DA:165,0
DA:167,0
DA:168,0
DA:169,0
DA:172,0
DA:173,0
DA:174,0
DA:175,0
DA:178,0
DA:181,0
DA:182,0
DA:183,0
DA:184,0
DA:185,0
DA:186,0
DA:187,0
DA:188,0
DA:189,0
DA:190,0
DA:191,0
DA:192,0
DA:194,0
DA:195,0
DA:196,0
DA:197,0
DA:198,0
DA:201,0
DA:202,0
DA:203,0
DA:204,0
DA:205,0
DA:206,0
DA:207,0
DA:208,0
DA:209,0
DA:210,0
DA:211,0
DA:212,0
DA:216,0
DA:219,0
DA:220,0
DA:223,0
DA:225,0
DA:226,0
DA:228,0
DA:229,0
DA:233,0
DA:239,0
DA:240,0
DA:241,0
DA:242,0
DA:243,0
DA:244,0
DA:248,0
DA:249,0
DA:251,0
DA:252,0
DA:257,0
DA:261,0
DA:262,0
DA:264,0
DA:265,0
DA:266,0
DA:267,0
DA:268,0
DA:271,0
DA:272,0
DA:273,0
DA:277,0
DA:278,0
DA:279,0
DA:281,0
DA:286,1
DA:288,1
DA:290,1
DA:291,1
DA:292,1
DA:293,1
LF:156
LH:28
BRDA:4,0,0,1
BRDA:4,0,1,0
BRDA:13,1,0,0
BRDA:17,2,0,1
BRDA:17,2,1,0
BRDA:25,3,0,0
BRDA:25,3,1,0
BRDA:25,4,0,0
BRDA:25,4,1,0
BRDA:31,5,0,0
BRDA:31,5,1,1
BRDA:31,6,0,1
BRDA:31,6,1,0
BRDA:46,7,0,1
BRDA:46,7,1,1
BRDA:46,7,2,0
BRDA:47,8,0,1
BRDA:47,8,1,1
BRDA:49,9,0,1
BRDA:49,9,1,0
BRDA:49,10,0,1
BRDA:49,10,1,0
BRDA:49,10,2,0
BRDA:52,11,0,0
BRDA:52,11,1,0
BRDA:52,12,0,0
BRDA:52,12,1,0
BRDA:54,13,0,0
BRDA:54,13,1,0
BRDA:63,14,0,0
BRDA:63,14,1,0
BRDA:76,15,0,0
BRDA:76,15,1,0
BRDA:76,15,2,0
BRDA:76,15,3,0
BRDA:76,15,4,0
BRDA:76,15,5,0
BRDA:76,15,6,0
BRDA:76,15,7,0
BRDA:76,15,8,0
BRDA:76,15,9,0
BRDA:76,15,10,0
BRDA:98,16,0,0
BRDA:98,16,1,0
BRDA:107,17,0,0
BRDA:107,17,1,0
BRDA:115,18,0,0
BRDA:115,18,1,0
BRDA:126,19,0,0
BRDA:126,19,1,0
BRDA:150,20,0,0
BRDA:150,20,1,0
BRDA:153,21,0,0
BRDA:153,21,1,0
BRDA:156,22,0,0
BRDA:156,22,1,0
BRDA:167,23,0,0
BRDA:167,23,1,0
BRDA:181,24,0,0
BRDA:181,24,1,0
BRDA:184,25,0,0
BRDA:184,25,1,0
BRDA:184,25,2,0
BRDA:187,26,0,0
BRDA:187,26,1,0
BRDA:203,27,0,0
BRDA:203,27,1,0
BRDA:219,28,0,0
BRDA:219,28,1,0
BRDA:248,29,0,0
BRDA:248,29,1,0
BRDA:251,30,0,0
BRDA:251,30,1,0
BRDA:266,31,0,0
BRDA:266,31,1,0
BRDA:278,32,0,0
BRDA:278,32,1,0
BRDA:292,33,0,1
BRDA:292,33,1,0
BRF:79
BRH:11
end_of_record
TN:
SF:/Users/plo/Blockchain.nosync/LBRY/App/plugins/videojs-google-chromecast/src/js/tech/chromecast-tech.js
FN:30,(anonymous_0)
FN:43,(anonymous_1)
FN:56,(anonymous_2)
FN:71,(anonymous_3)
FN:345,(anonymous_4)
FN:367,(anonymous_5)
FN:387,(anonymous_6)
FN:407,(anonymous_7)
FN:415,(anonymous_8)
FNF:9
FNH:0
FNDA:0,(anonymous_0)
FNDA:0,(anonymous_1)
FNDA:0,(anonymous_2)
FNDA:0,(anonymous_3)
FNDA:0,(anonymous_4)
FNDA:0,(anonymous_5)
FNDA:0,(anonymous_6)
FNDA:0,(anonymous_7)
FNDA:0,(anonymous_8)
DA:5,1
DA:6,1
DA:16,1
DA:18,0
DA:20,0
DA:21,0
DA:22,0
DA:24,0
DA:25,0
DA:27,0
DA:28,0
DA:30,0
DA:31,0
DA:32,0
DA:33,0
DA:34,0
DA:37,0
DA:39,0
DA:40,0
DA:42,0
DA:43,0
DA:44,0
DA:47,0
DA:50,0
DA:51,0
DA:52,0
DA:53,0
DA:55,0
DA:56,0
DA:57,0
DA:62,0
DA:65,0
DA:66,0
DA:67,0
DA:68,0
DA:70,0
DA:71,0
DA:72,0
DA:77,0
DA:80,0
DA:81,0
DA:86,0
DA:91,0
DA:95,0
DA:99,0
DA:100,0
DA:102,0
DA:103,0
DA:108,0
DA:109,0
DA:113,0
DA:114,0
DA:116,0
DA:118,0
DA:119,0
DA:121,0
DA:122,0
DA:124,0
DA:126,0
DA:127,0
DA:128,0
DA:130,0
DA:131,0
DA:132,0
DA:133,0
DA:146,0
DA:147,0
DA:149,0
DA:153,0
DA:154,0
DA:155,0
DA:157,0
DA:158,0
DA:161,0
DA:162,0
DA:164,0
DA:166,0
DA:170,0
DA:171,0
DA:172,0
DA:181,0
DA:182,0
DA:184,0
DA:185,0
DA:188,0
DA:189,0
DA:191,0
DA:192,0
DA:196,0
DA:197,0
DA:198,0
DA:203,0
DA:207,0
DA:211,0
DA:215,0
DA:216,0
DA:218,0
DA:219,0
DA:221,0
DA:225,0
DA:226,0
DA:228,0
DA:229,0
DA:230,0
DA:235,0
DA:239,0
DA:243,0
DA:244,0
DA:246,0
DA:251,0
DA:252,0
DA:256,0
DA:257,0
DA:261,0
DA:265,0
DA:269,0
DA:273,0
DA:274,0
DA:276,0
DA:280,0
DA:287,0
DA:288,0
DA:290,0
DA:291,0
DA:292,0
DA:293,0
DA:294,0
DA:295,0
DA:296,0
DA:297,0
DA:298,0
DA:302,0
DA:306,0
DA:310,0
DA:314,0
DA:318,0
DA:322,0
DA:323,0
DA:327,0
DA:331,0
DA:335,0
DA:339,1
DA:341,1
DA:345,1
DA:346,0
DA:350,1
DA:359,1
DA:367,1
DA:369,0
DA:370,0
DA:372,0
DA:373,0
DA:374,0
DA:375,0
DA:377,0
DA:387,1
DA:390,0
DA:391,0
DA:392,0
DA:393,0
DA:396,0
DA:407,1
DA:408,0
DA:415,1
DA:418,1
DA:425,1
DA:432,1
DA:440,1
DA:447,1
DA:453,1
DA:459,1
DA:466,1
DA:473,1
DA:480,1
DA:485,1
DA:486,1
LF:176
LH:24
BRDA:39,0,0,0
BRDA:39,0,1,0
BRDA:52,1,0,0
BRDA:52,1,1,0
BRDA:67,2,0,0
BRDA:67,2,1,0
BRDA:99,3,0,0
BRDA:99,3,1,0
BRDA:102,4,0,0
BRDA:102,4,1,0
BRDA:113,5,0,0
BRDA:113,5,1,0
BRDA:116,6,0,0
BRDA:116,6,1,0
BRDA:116,6,2,0
BRDA:116,6,3,0
BRDA:146,7,0,0
BRDA:146,7,1,0
BRDA:157,8,0,0
BRDA:157,8,1,0
BRDA:164,9,0,0
BRDA:164,9,1,0
BRDA:170,10,0,0
BRDA:170,10,1,0
BRDA:170,11,0,0
BRDA:170,11,1,0
BRDA:184,12,0,0
BRDA:184,12,1,0
BRDA:191,13,0,0
BRDA:191,13,1,0
BRDA:196,14,0,0
BRDA:196,14,1,0
BRDA:196,15,0,0
BRDA:196,15,1,0
BRDA:215,16,0,0
BRDA:215,16,1,0
BRDA:218,17,0,0
BRDA:218,17,1,0
BRDA:225,18,0,0
BRDA:225,18,1,0
BRDA:228,19,0,0
BRDA:228,19,1,0
BRDA:243,20,0,0
BRDA:243,20,1,0
BRDA:251,21,0,0
BRDA:251,21,1,0
BRDA:273,22,0,0
BRDA:273,22,1,0
BRDA:276,23,0,0
BRDA:276,23,1,0
BRDA:283,24,0,0
BRDA:287,25,0,0
BRDA:287,25,1,0
BRDA:372,26,0,0
BRDA:372,26,1,0
BRDA:374,27,0,0
BRDA:374,27,1,0
BRDA:390,28,0,0
BRDA:390,28,1,0
BRDA:392,29,0,0
BRDA:392,29,1,0
BRDA:485,30,0,1
BRDA:485,30,1,0
BRF:63
BRH:1
end_of_record
TN:
SF:/Users/plo/Blockchain.nosync/LBRY/App/plugins/videojs-google-chromecast/src/js/google-chromecast.js
FNF:0
FNH:0
DA:5,1
DA:6,1
DA:8,1
DA:10,0
DA:14,1
DA:16,1
DA:18,1
DA:23,1
DA:24,1
LF:9
LH:8
BRDA:5,0,0,1
BRDA:5,0,1,0
BRDA:23,1,0,1
BRDA:23,1,1,0
BRF:4
BRH:2
end_of_record
TN:
SF:/Users/plo/Blockchain.nosync/LBRY/App/plugins/videojs-google-chromecast/src/plugin.js
FN:20,(anonymous_0)
FNF:1
FNH:0
FNDA:0,(anonymous_0)
DA:7,1
DA:8,1
DA:10,1
DA:11,1
DA:20,1
DA:25,1
DA:26,1
DA:30,1
LF:8
LH:8
BRDA:7,0,0,1
BRDA:7,0,1,0
BRDA:8,1,0,1
BRDA:8,1,1,0
BRDA:25,2,0,1
BRDA:25,2,1,0
BRF:6
BRH:3
end_of_record
